<?xml version="1.0" encoding="UTF-8"?>
<!-- Generated by org.testng.reporters.JUnitReportReporter -->
<testsuite skipped="0" hostname="PRINHYLTPDL1214" name="RestAssuredBasics.RestAssuredBasicsPost2" tests="1" failures="0" timestamp="20 Nov 2018 17:45:14 GMT" time="3.526" errors="0">
  <testcase name="Test1" time="3.526" classname="RestAssuredBasics.RestAssuredBasicsPost2"/>
</testsuite> <!-- RestAssuredBasics.RestAssuredBasicsPost2 -->
