<?xml version="1.0" encoding="UTF-8"?>
<!-- Generated by org.testng.reporters.JUnitReportReporter -->
<testsuite skipped="0" hostname="PRINHYLTPDL1214" name="RestAssuredBasics.RestAssuredBasicsPost" tests="1" failures="0" timestamp="20 Nov 2018 17:40:56 GMT" time="3.811" errors="0">
  <testcase name="Test1" time="3.811" classname="RestAssuredBasics.RestAssuredBasicsPost"/>
</testsuite> <!-- RestAssuredBasics.RestAssuredBasicsPost -->
