<?xml version="1.0" encoding="UTF-8"?>
<!-- Generated by org.testng.reporters.JUnitReportReporter -->
<testsuite skipped="0" hostname="PRINHYLTPDL1214" name="RestAssuredBasics.End_to_End_CreateUser_ExtractFromResponse_UpdateUser" tests="1" failures="0" timestamp="21 Nov 2018 11:14:24 GMT" time="3.783" errors="0">
  <testcase name="endToEndTest" time="3.783" classname="RestAssuredBasics.End_to_End_CreateUser_ExtractFromResponse_UpdateUser"/>
</testsuite> <!-- RestAssuredBasics.End_to_End_CreateUser_ExtractFromResponse_UpdateUser -->
