<?xml version="1.0" encoding="UTF-8"?>
<!-- Generated by org.testng.reporters.JUnitReportReporter -->
<testsuite skipped="0" hostname="PRINHYLTPDL1214" name="RestAssuredBasics.RestAssured_Basics1" tests="1" failures="0" timestamp="20 Nov 2018 15:17:49 GMT" time="3.068" errors="0">
  <testcase name="test1" time="3.068" classname="RestAssuredBasics.RestAssured_Basics1"/>
</testsuite> <!-- RestAssuredBasics.RestAssured_Basics1 -->
