<?xml version="1.0" encoding="UTF-8"?>
<!-- Generated by org.testng.reporters.JUnitReportReporter -->
<testsuite skipped="0" hostname="PRINHYLTPDL1214" name="RestAssuredBasics.RestAssuredBasicsGet2" tests="1" failures="0" timestamp="20 Nov 2018 17:33:42 GMT" time="4.243" errors="0">
  <testcase name="Test1" time="4.243" classname="RestAssuredBasics.RestAssuredBasicsGet2"/>
</testsuite> <!-- RestAssuredBasics.RestAssuredBasicsGet2 -->
