<?xml version="1.0" encoding="UTF-8"?>
<!-- Generated by org.testng.reporters.JUnitReportReporter -->
<testsuite skipped="0" hostname="PRINHYLTPDL1214" name="RestAssuredBasics.End_to_End_CreateUser_ExtractFromResponse_UpdateUser_Refractored" tests="1" failures="0" timestamp="22 Nov 2018 05:00:07 GMT" time="3.491" errors="0">
  <testcase name="endToEndTest1" time="3.491" classname="RestAssuredBasics.End_to_End_CreateUser_ExtractFromResponse_UpdateUser_Refractored"/>
</testsuite> <!-- RestAssuredBasics.End_to_End_CreateUser_ExtractFromResponse_UpdateUser_Refractored -->
