<?xml version="1.0" encoding="UTF-8"?>
<!-- Generated by org.testng.reporters.JUnitReportReporter -->
<testsuite hostname="PRINHYLTPDL1490" name="com.qa.TestCases.UserManagement" tests="1" failures="0" timestamp="11 Jan 2019 08:57:43 GMT" time="1.062" errors="0">
  <testcase name="getAllAutomotiveUsers" time="1.062" classname="com.qa.TestCases.UserManagement"/>
</testsuite> <!-- com.qa.TestCases.UserManagement -->
