<?xml version="1.0" encoding="UTF-8"?>
<!-- Generated by org.testng.reporters.JUnitReportReporter -->
<testsuite hostname="PRINHYLTPDL1490" name="com.qa.tests.UserManagement" tests="2" failures="0" timestamp="23 Jan 2019 10:03:44 GMT" time="1.341" errors="0">
  <testcase name="getAllAutomotiveUsers" time="1.207" classname="com.qa.tests.UserManagement"/>
  <testcase name="addNewAutomotiveUser" time="0.134" classname="com.qa.tests.UserManagement"/>
</testsuite> <!-- com.qa.tests.UserManagement -->
